CRITICAL - 2022-09-24 01:27:45 --> Call to undefined function form_open()
in APPPATH/Views/home_page.php on line 37.
 1 SYSTEMPATH/View/View.php(213): include()
 2 SYSTEMPATH/View/View.php(216): CodeIgniter\View\View->CodeIgniter\View\{closure}()
 3 SYSTEMPATH/Common.php(1142): CodeIgniter\View\View->render('home_page', [], true)
 4 APPPATH/Controllers/Home.php(24): view('home_page')
 5 SYSTEMPATH/CodeIgniter.php(907): App\Controllers\Home->index()
 6 SYSTEMPATH/CodeIgniter.php(457): CodeIgniter\CodeIgniter->runController(Object(App\Controllers\Home))
 7 SYSTEMPATH/CodeIgniter.php(340): CodeIgniter\CodeIgniter->handleRequest(null, Object(Config\Cache), false)
 8 FCPATH/index.php(67): CodeIgniter\CodeIgniter->run()
 9 SYSTEMPATH/Commands/Server/rewrite.php(43): require_once('FCPATH/index.php')
CRITICAL - 2022-09-24 01:34:46 --> syntax error, unexpected token ";"
in APPPATH/Views/home_page.php on line 37.
 1 SYSTEMPATH/View/View.php(216): CodeIgniter\View\View->CodeIgniter\View\{closure}()
 2 SYSTEMPATH/Common.php(1142): CodeIgniter\View\View->render('home_page', [], true)
 3 APPPATH/Controllers/Home.php(27): view('home_page')
 4 SYSTEMPATH/CodeIgniter.php(907): App\Controllers\Home->index()
 5 SYSTEMPATH/CodeIgniter.php(457): CodeIgniter\CodeIgniter->runController(Object(App\Controllers\Home))
 6 SYSTEMPATH/CodeIgniter.php(340): CodeIgniter\CodeIgniter->handleRequest(null, Object(Config\Cache), false)
 7 FCPATH/index.php(67): CodeIgniter\CodeIgniter->run()
 8 SYSTEMPATH/Commands/Server/rewrite.php(43): require_once('FCPATH/index.php')
CRITICAL - 2022-09-24 10:09:49 --> Undefined variable $session
in APPPATH/Views/home_page.php on line 7.
 1 APPPATH/Views/home_page.php(7): CodeIgniter\Debug\Exceptions->errorHandler(2, 'Undefined variable $session', 'APPPATH/Views/home_page.php', 7)
 2 SYSTEMPATH/View/View.php(213): include('APPPATH/Views/home_page.php')
 3 SYSTEMPATH/View/View.php(216): CodeIgniter\View\View->CodeIgniter\View\{closure}()
 4 SYSTEMPATH/Common.php(1142): CodeIgniter\View\View->render('home_page', [], true)
 5 APPPATH/Controllers/Home.php(57): view('home_page', [...])
 6 SYSTEMPATH/CodeIgniter.php(907): App\Controllers\Home->uploadFile()
 7 SYSTEMPATH/CodeIgniter.php(457): CodeIgniter\CodeIgniter->runController(Object(App\Controllers\Home))
 8 SYSTEMPATH/CodeIgniter.php(340): CodeIgniter\CodeIgniter->handleRequest(null, Object(Config\Cache), false)
 9 FCPATH/index.php(67): CodeIgniter\CodeIgniter->run()
10 SYSTEMPATH/Commands/Server/rewrite.php(43): require_once('FCPATH/index.php')
ERROR - 2022-09-24 10:25:58 --> mysqli_sql_exception: Table 'ci4_login_sample.files_with_users' doesn't exist in /Users/delacruzfamily/repos/CI4_login_sample/system/Database/MySQLi/Connection.php:292
Stack trace:
#0 /Users/delacruzfamily/repos/CI4_login_sample/system/Database/MySQLi/Connection.php(292): mysqli->query('SELECT *\nFROM `...', 0)
#1 /Users/delacruzfamily/repos/CI4_login_sample/system/Database/BaseConnection.php(693): CodeIgniter\Database\MySQLi\Connection->execute('SELECT *\nFROM `...')
#2 /Users/delacruzfamily/repos/CI4_login_sample/system/Database/BaseConnection.php(620): CodeIgniter\Database\BaseConnection->simpleQuery('SELECT *\nFROM `...')
#3 /Users/delacruzfamily/repos/CI4_login_sample/system/Database/BaseBuilder.php(1585): CodeIgniter\Database\BaseConnection->query('SELECT *\nFROM `...', Array, false)
#4 /Users/delacruzfamily/repos/CI4_login_sample/system/Model.php(223): CodeIgniter\Database\BaseBuilder->get()
#5 /Users/delacruzfamily/repos/CI4_login_sample/system/BaseModel.php(584): CodeIgniter\Model->doFindAll(0, 0)
#6 /Users/delacruzfamily/repos/CI4_login_sample/app/Models/FileModel.php(21): CodeIgniter\BaseModel->findAll()
#7 /Users/delacruzfamily/repos/CI4_login_sample/app/Controllers/Home.php(29): App\Models\FileModel->getFiles()
#8 /Users/delacruzfamily/repos/CI4_login_sample/system/CodeIgniter.php(907): App\Controllers\Home->index()
#9 /Users/delacruzfamily/repos/CI4_login_sample/system/CodeIgniter.php(457): CodeIgniter\CodeIgniter->runController(Object(App\Controllers\Home))
#10 /Users/delacruzfamily/repos/CI4_login_sample/system/CodeIgniter.php(340): CodeIgniter\CodeIgniter->handleRequest(NULL, Object(Config\Cache), false)
#11 /Users/delacruzfamily/repos/CI4_login_sample/public/index.php(67): CodeIgniter\CodeIgniter->run()
#12 /Users/delacruzfamily/repos/CI4_login_sample/system/Commands/Server/rewrite.php(43): require_once('/Users/delacruz...')
#13 {main}
CRITICAL - 2022-09-24 10:25:58 --> Table 'ci4_login_sample.files_with_users' doesn't exist
in SYSTEMPATH/Database/MySQLi/Connection.php on line 292.
 1 SYSTEMPATH/Database/MySQLi/Connection.php(292): mysqli->query('SELECT *
FROM `files_with_users`', 0)
 2 SYSTEMPATH/Database/BaseConnection.php(693): CodeIgniter\Database\MySQLi\Connection->execute('SELECT *
FROM `files_with_users`')
 3 SYSTEMPATH/Database/BaseConnection.php(620): CodeIgniter\Database\BaseConnection->simpleQuery('SELECT *
FROM `files_with_users`')
 4 SYSTEMPATH/Database/BaseBuilder.php(1585): CodeIgniter\Database\BaseConnection->query('SELECT *
FROM `files_with_users`', [], false)
 5 SYSTEMPATH/Model.php(223): CodeIgniter\Database\BaseBuilder->get()
 6 SYSTEMPATH/BaseModel.php(584): CodeIgniter\Model->doFindAll(0, 0)
 7 APPPATH/Models/FileModel.php(21): CodeIgniter\BaseModel->findAll()
 8 APPPATH/Controllers/Home.php(29): App\Models\FileModel->getFiles()
 9 SYSTEMPATH/CodeIgniter.php(907): App\Controllers\Home->index()
10 SYSTEMPATH/CodeIgniter.php(457): CodeIgniter\CodeIgniter->runController(Object(App\Controllers\Home))
11 SYSTEMPATH/CodeIgniter.php(340): CodeIgniter\CodeIgniter->handleRequest(null, Object(Config\Cache), false)
12 FCPATH/index.php(67): CodeIgniter\CodeIgniter->run()
13 SYSTEMPATH/Commands/Server/rewrite.php(43): require_once('FCPATH/index.php')
CRITICAL - 2022-09-24 10:27:10 --> Undefined array key "file_name"
in APPPATH/Views/home_page.php on line 60.
 1 APPPATH/Views/home_page.php(60): CodeIgniter\Debug\Exceptions->errorHandler(2, 'Undefined array key "file_name"', 'APPPATH/Views/home_page.php', 60)
 2 SYSTEMPATH/View/View.php(213): include('APPPATH/Views/home_page.php')
 3 SYSTEMPATH/View/View.php(216): CodeIgniter\View\View->CodeIgniter\View\{closure}()
 4 SYSTEMPATH/Common.php(1142): CodeIgniter\View\View->render('home_page', [], true)
 5 APPPATH/Controllers/Home.php(31): view('home_page')
 6 SYSTEMPATH/CodeIgniter.php(907): App\Controllers\Home->index()
 7 SYSTEMPATH/CodeIgniter.php(457): CodeIgniter\CodeIgniter->runController(Object(App\Controllers\Home))
 8 SYSTEMPATH/CodeIgniter.php(340): CodeIgniter\CodeIgniter->handleRequest(null, Object(Config\Cache), false)
 9 FCPATH/index.php(67): CodeIgniter\CodeIgniter->run()
10 SYSTEMPATH/Commands/Server/rewrite.php(43): require_once('FCPATH/index.php')
CRITICAL - 2022-09-24 10:28:19 --> Undefined array key "file_size"
in APPPATH/Views/home_page.php on line 61.
 1 APPPATH/Views/home_page.php(61): CodeIgniter\Debug\Exceptions->errorHandler(2, 'Undefined array key "file_size"', 'APPPATH/Views/home_page.php', 61)
 2 SYSTEMPATH/View/View.php(213): include('APPPATH/Views/home_page.php')
 3 SYSTEMPATH/View/View.php(216): CodeIgniter\View\View->CodeIgniter\View\{closure}()
 4 SYSTEMPATH/Common.php(1142): CodeIgniter\View\View->render('home_page', [], true)
 5 APPPATH/Controllers/Home.php(31): view('home_page')
 6 SYSTEMPATH/CodeIgniter.php(907): App\Controllers\Home->index()
 7 SYSTEMPATH/CodeIgniter.php(457): CodeIgniter\CodeIgniter->runController(Object(App\Controllers\Home))
 8 SYSTEMPATH/CodeIgniter.php(340): CodeIgniter\CodeIgniter->handleRequest(null, Object(Config\Cache), false)
 9 FCPATH/index.php(67): CodeIgniter\CodeIgniter->run()
10 SYSTEMPATH/Commands/Server/rewrite.php(43): require_once('FCPATH/index.php')
CRITICAL - 2022-09-24 10:30:47 --> Undefined array key "file_name"
in APPPATH/Views/home_page.php on line 60.
 1 APPPATH/Views/home_page.php(60): CodeIgniter\Debug\Exceptions->errorHandler(2, 'Undefined array key "file_name"', 'APPPATH/Views/home_page.php', 60)
 2 SYSTEMPATH/View/View.php(213): include('APPPATH/Views/home_page.php')
 3 SYSTEMPATH/View/View.php(216): CodeIgniter\View\View->CodeIgniter\View\{closure}()
 4 SYSTEMPATH/Common.php(1142): CodeIgniter\View\View->render('home_page', [], true)
 5 APPPATH/Controllers/Home.php(32): view('home_page')
 6 SYSTEMPATH/CodeIgniter.php(907): App\Controllers\Home->index()
 7 SYSTEMPATH/CodeIgniter.php(457): CodeIgniter\CodeIgniter->runController(Object(App\Controllers\Home))
 8 SYSTEMPATH/CodeIgniter.php(340): CodeIgniter\CodeIgniter->handleRequest(null, Object(Config\Cache), false)
 9 FCPATH/index.php(67): CodeIgniter\CodeIgniter->run()
10 SYSTEMPATH/Commands/Server/rewrite.php(43): require_once('FCPATH/index.php')
CRITICAL - 2022-09-24 10:31:52 --> Undefined array key "file_name"
in APPPATH/Views/home_page.php on line 60.
 1 APPPATH/Views/home_page.php(60): CodeIgniter\Debug\Exceptions->errorHandler(2, 'Undefined array key "file_name"', 'APPPATH/Views/home_page.php', 60)
 2 SYSTEMPATH/View/View.php(213): include('APPPATH/Views/home_page.php')
 3 SYSTEMPATH/View/View.php(216): CodeIgniter\View\View->CodeIgniter\View\{closure}()
 4 SYSTEMPATH/Common.php(1142): CodeIgniter\View\View->render('home_page', [], true)
 5 APPPATH/Controllers/Home.php(32): view('home_page')
 6 SYSTEMPATH/CodeIgniter.php(907): App\Controllers\Home->index()
 7 SYSTEMPATH/CodeIgniter.php(457): CodeIgniter\CodeIgniter->runController(Object(App\Controllers\Home))
 8 SYSTEMPATH/CodeIgniter.php(340): CodeIgniter\CodeIgniter->handleRequest(null, Object(Config\Cache), false)
 9 FCPATH/index.php(67): CodeIgniter\CodeIgniter->run()
10 SYSTEMPATH/Commands/Server/rewrite.php(43): require_once('FCPATH/index.php')
CRITICAL - 2022-09-24 10:31:58 --> Undefined array key "file_name"
in APPPATH/Views/home_page.php on line 60.
 1 APPPATH/Views/home_page.php(60): CodeIgniter\Debug\Exceptions->errorHandler(2, 'Undefined array key "file_name"', 'APPPATH/Views/home_page.php', 60)
 2 SYSTEMPATH/View/View.php(213): include('APPPATH/Views/home_page.php')
 3 SYSTEMPATH/View/View.php(216): CodeIgniter\View\View->CodeIgniter\View\{closure}()
 4 SYSTEMPATH/Common.php(1142): CodeIgniter\View\View->render('home_page', [], true)
 5 APPPATH/Controllers/Home.php(32): view('home_page')
 6 SYSTEMPATH/CodeIgniter.php(907): App\Controllers\Home->index()
 7 SYSTEMPATH/CodeIgniter.php(457): CodeIgniter\CodeIgniter->runController(Object(App\Controllers\Home))
 8 SYSTEMPATH/CodeIgniter.php(340): CodeIgniter\CodeIgniter->handleRequest(null, Object(Config\Cache), false)
 9 FCPATH/index.php(67): CodeIgniter\CodeIgniter->run()
10 SYSTEMPATH/Commands/Server/rewrite.php(43): require_once('FCPATH/index.php')
CRITICAL - 2022-09-24 10:32:16 --> Undefined array key "file_name"
in APPPATH/Views/home_page.php on line 60.
 1 APPPATH/Views/home_page.php(60): CodeIgniter\Debug\Exceptions->errorHandler(2, 'Undefined array key "file_name"', 'APPPATH/Views/home_page.php', 60)
 2 SYSTEMPATH/View/View.php(213): include('APPPATH/Views/home_page.php')
 3 SYSTEMPATH/View/View.php(216): CodeIgniter\View\View->CodeIgniter\View\{closure}()
 4 SYSTEMPATH/Common.php(1142): CodeIgniter\View\View->render('home_page', [], true)
 5 APPPATH/Controllers/Home.php(32): view('home_page')
 6 SYSTEMPATH/CodeIgniter.php(907): App\Controllers\Home->index()
 7 SYSTEMPATH/CodeIgniter.php(457): CodeIgniter\CodeIgniter->runController(Object(App\Controllers\Home))
 8 SYSTEMPATH/CodeIgniter.php(340): CodeIgniter\CodeIgniter->handleRequest(null, Object(Config\Cache), false)
 9 FCPATH/index.php(67): CodeIgniter\CodeIgniter->run()
10 SYSTEMPATH/Commands/Server/rewrite.php(43): require_once('FCPATH/index.php')
CRITICAL - 2022-09-24 10:34:13 --> Undefined array key "file_name"
in APPPATH/Views/home_page.php on line 60.
 1 APPPATH/Views/home_page.php(60): CodeIgniter\Debug\Exceptions->errorHandler(2, 'Undefined array key "file_name"', 'APPPATH/Views/home_page.php', 60)
 2 SYSTEMPATH/View/View.php(213): include('APPPATH/Views/home_page.php')
 3 SYSTEMPATH/View/View.php(216): CodeIgniter\View\View->CodeIgniter\View\{closure}()
 4 SYSTEMPATH/Common.php(1142): CodeIgniter\View\View->render('home_page', [], true)
 5 APPPATH/Controllers/Home.php(32): view('home_page')
 6 SYSTEMPATH/CodeIgniter.php(907): App\Controllers\Home->index()
 7 SYSTEMPATH/CodeIgniter.php(457): CodeIgniter\CodeIgniter->runController(Object(App\Controllers\Home))
 8 SYSTEMPATH/CodeIgniter.php(340): CodeIgniter\CodeIgniter->handleRequest(null, Object(Config\Cache), false)
 9 FCPATH/index.php(67): CodeIgniter\CodeIgniter->run()
10 SYSTEMPATH/Commands/Server/rewrite.php(43): require_once('FCPATH/index.php')
