CRITICAL - 2022-09-22 05:02:59 --> Undefined variable $pageTitle
in APPPATH/Views/auth/login.php on line 14.
 1 APPPATH/Views/auth/login.php(14): CodeIgniter\Debug\Exceptions->errorHandler(2, 'Undefined variable $pageTitle', 'APPPATH/Views/auth/login.php', 14)
 2 SYSTEMPATH/View/View.php(213): include('APPPATH/Views/auth/login.php')
 3 SYSTEMPATH/View/View.php(216): CodeIgniter\View\View->CodeIgniter\View\{closure}()
 4 SYSTEMPATH/Common.php(1142): CodeIgniter\View\View->render('auth/login', [], true)
 5 APPPATH/Controllers/Auth.php(11): view('auth/login')
 6 SYSTEMPATH/CodeIgniter.php(907): App\Controllers\Auth->index()
 7 SYSTEMPATH/CodeIgniter.php(457): CodeIgniter\CodeIgniter->runController(Object(App\Controllers\Auth))
 8 SYSTEMPATH/CodeIgniter.php(340): CodeIgniter\CodeIgniter->handleRequest(null, Object(Config\Cache), false)
 9 FCPATH/index.php(67): CodeIgniter\CodeIgniter->run()
10 SYSTEMPATH/Commands/Server/rewrite.php(43): require_once('FCPATH/index.php')
CRITICAL - 2022-09-22 07:47:45 --> Undefined variable $validation
in APPPATH/Views/auth/login.php on line 65.
 1 APPPATH/Views/auth/login.php(65): CodeIgniter\Debug\Exceptions->errorHandler(2, 'Undefined variable $validation', 'APPPATH/Views/auth/login.php', 65)
 2 SYSTEMPATH/View/View.php(213): include('APPPATH/Views/auth/login.php')
 3 SYSTEMPATH/View/View.php(216): CodeIgniter\View\View->CodeIgniter\View\{closure}()
 4 SYSTEMPATH/Common.php(1142): CodeIgniter\View\View->render('auth/login', [], true)
 5 APPPATH/Controllers/Auth.php(11): view('auth/login')
 6 SYSTEMPATH/CodeIgniter.php(907): App\Controllers\Auth->index()
 7 SYSTEMPATH/CodeIgniter.php(457): CodeIgniter\CodeIgniter->runController(Object(App\Controllers\Auth))
 8 SYSTEMPATH/CodeIgniter.php(340): CodeIgniter\CodeIgniter->handleRequest(null, Object(Config\Cache), false)
 9 FCPATH/index.php(67): CodeIgniter\CodeIgniter->run()
10 SYSTEMPATH/Commands/Server/rewrite.php(43): require_once('FCPATH/index.php')
CRITICAL - 2022-09-22 07:51:37 --> Undefined variable $validation
in APPPATH/Views/auth/login.php on line 65.
 1 APPPATH/Views/auth/login.php(65): CodeIgniter\Debug\Exceptions->errorHandler(2, 'Undefined variable $validation', 'APPPATH/Views/auth/login.php', 65)
 2 SYSTEMPATH/View/View.php(213): include('APPPATH/Views/auth/login.php')
 3 SYSTEMPATH/View/View.php(216): CodeIgniter\View\View->CodeIgniter\View\{closure}()
 4 SYSTEMPATH/Common.php(1142): CodeIgniter\View\View->render('auth/login', [], true)
 5 APPPATH/Controllers/Auth.php(11): view('auth/login')
 6 SYSTEMPATH/CodeIgniter.php(907): App\Controllers\Auth->index()
 7 SYSTEMPATH/CodeIgniter.php(457): CodeIgniter\CodeIgniter->runController(Object(App\Controllers\Auth))
 8 SYSTEMPATH/CodeIgniter.php(340): CodeIgniter\CodeIgniter->handleRequest(null, Object(Config\Cache), false)
 9 FCPATH/index.php(67): CodeIgniter\CodeIgniter->run()
10 SYSTEMPATH/Commands/Server/rewrite.php(43): require_once('FCPATH/index.php')
CRITICAL - 2022-09-22 07:53:37 --> Call to undefined function form_open()
in APPPATH/Views/auth/login.php on line 70.
 1 SYSTEMPATH/View/View.php(213): include()
 2 SYSTEMPATH/View/View.php(216): CodeIgniter\View\View->CodeIgniter\View\{closure}()
 3 SYSTEMPATH/Common.php(1142): CodeIgniter\View\View->render('auth/login', [], true)
 4 APPPATH/Controllers/Auth.php(11): view('auth/login')
 5 SYSTEMPATH/CodeIgniter.php(907): App\Controllers\Auth->index()
 6 SYSTEMPATH/CodeIgniter.php(457): CodeIgniter\CodeIgniter->runController(Object(App\Controllers\Auth))
 7 SYSTEMPATH/CodeIgniter.php(340): CodeIgniter\CodeIgniter->handleRequest(null, Object(Config\Cache), false)
 8 FCPATH/index.php(67): CodeIgniter\CodeIgniter->run()
 9 SYSTEMPATH/Commands/Server/rewrite.php(43): require_once('FCPATH/index.php')
CRITICAL - 2022-09-22 07:55:44 --> Call to undefined function form_open()
in APPPATH/Views/auth/login.php on line 74.
 1 SYSTEMPATH/View/View.php(213): include()
 2 SYSTEMPATH/View/View.php(216): CodeIgniter\View\View->CodeIgniter\View\{closure}()
 3 SYSTEMPATH/Common.php(1142): CodeIgniter\View\View->render('auth/login', [], true)
 4 APPPATH/Controllers/Auth.php(11): view('auth/login')
 5 SYSTEMPATH/CodeIgniter.php(907): App\Controllers\Auth->index()
 6 SYSTEMPATH/CodeIgniter.php(457): CodeIgniter\CodeIgniter->runController(Object(App\Controllers\Auth))
 7 SYSTEMPATH/CodeIgniter.php(340): CodeIgniter\CodeIgniter->handleRequest(null, Object(Config\Cache), false)
 8 FCPATH/index.php(67): CodeIgniter\CodeIgniter->run()
 9 SYSTEMPATH/Commands/Server/rewrite.php(43): require_once('FCPATH/index.php')
CRITICAL - 2022-09-22 07:58:40 --> Call to undefined function form_open()
in APPPATH/Views/auth/login.php on line 74.
 1 SYSTEMPATH/View/View.php(213): include()
 2 SYSTEMPATH/View/View.php(216): CodeIgniter\View\View->CodeIgniter\View\{closure}()
 3 SYSTEMPATH/Common.php(1142): CodeIgniter\View\View->render('auth/login', [], true)
 4 APPPATH/Controllers/Auth.php(11): view('auth/login')
 5 SYSTEMPATH/CodeIgniter.php(907): App\Controllers\Auth->index()
 6 SYSTEMPATH/CodeIgniter.php(457): CodeIgniter\CodeIgniter->runController(Object(App\Controllers\Auth))
 7 SYSTEMPATH/CodeIgniter.php(340): CodeIgniter\CodeIgniter->handleRequest(null, Object(Config\Cache), false)
 8 FCPATH/index.php(67): CodeIgniter\CodeIgniter->run()
 9 SYSTEMPATH/Commands/Server/rewrite.php(43): require_once('FCPATH/index.php')
CRITICAL - 2022-09-22 08:00:49 --> Call to undefined function form_open()
in APPPATH/Views/auth/login.php on line 74.
 1 SYSTEMPATH/View/View.php(213): include()
 2 SYSTEMPATH/View/View.php(216): CodeIgniter\View\View->CodeIgniter\View\{closure}()
 3 SYSTEMPATH/Common.php(1142): CodeIgniter\View\View->render('auth/login', [], true)
 4 APPPATH/Controllers/Auth.php(11): view('auth/login')
 5 SYSTEMPATH/CodeIgniter.php(907): App\Controllers\Auth->index()
 6 SYSTEMPATH/CodeIgniter.php(457): CodeIgniter\CodeIgniter->runController(Object(App\Controllers\Auth))
 7 SYSTEMPATH/CodeIgniter.php(340): CodeIgniter\CodeIgniter->handleRequest(null, Object(Config\Cache), false)
 8 FCPATH/index.php(67): CodeIgniter\CodeIgniter->run()
 9 SYSTEMPATH/Commands/Server/rewrite.php(43): require_once('FCPATH/index.php')
CRITICAL - 2022-09-22 08:00:51 --> Call to undefined function form_open()
in APPPATH/Views/auth/login.php on line 74.
 1 SYSTEMPATH/View/View.php(213): include()
 2 SYSTEMPATH/View/View.php(216): CodeIgniter\View\View->CodeIgniter\View\{closure}()
 3 SYSTEMPATH/Common.php(1142): CodeIgniter\View\View->render('auth/login', [], true)
 4 APPPATH/Controllers/Auth.php(11): view('auth/login')
 5 SYSTEMPATH/CodeIgniter.php(907): App\Controllers\Auth->index()
 6 SYSTEMPATH/CodeIgniter.php(457): CodeIgniter\CodeIgniter->runController(Object(App\Controllers\Auth))
 7 SYSTEMPATH/CodeIgniter.php(340): CodeIgniter\CodeIgniter->handleRequest(null, Object(Config\Cache), false)
 8 FCPATH/index.php(67): CodeIgniter\CodeIgniter->run()
 9 SYSTEMPATH/Commands/Server/rewrite.php(43): require_once('FCPATH/index.php')
CRITICAL - 2022-09-22 08:01:41 --> Call to undefined function form_open()
in APPPATH/Views/auth/login.php on line 74.
 1 SYSTEMPATH/View/View.php(213): include()
 2 SYSTEMPATH/View/View.php(216): CodeIgniter\View\View->CodeIgniter\View\{closure}()
 3 SYSTEMPATH/Common.php(1142): CodeIgniter\View\View->render('auth/login', [], true)
 4 APPPATH/Controllers/Auth.php(11): view('auth/login')
 5 SYSTEMPATH/CodeIgniter.php(907): App\Controllers\Auth->index()
 6 SYSTEMPATH/CodeIgniter.php(457): CodeIgniter\CodeIgniter->runController(Object(App\Controllers\Auth))
 7 SYSTEMPATH/CodeIgniter.php(340): CodeIgniter\CodeIgniter->handleRequest(null, Object(Config\Cache), false)
 8 FCPATH/index.php(67): CodeIgniter\CodeIgniter->run()
 9 SYSTEMPATH/Commands/Server/rewrite.php(43): require_once('FCPATH/index.php')
CRITICAL - 2022-09-22 23:49:36 --> CodeIgniter\Validation\Rules::is_unique(): Argument #2 ($field) must be of type string, null given, called in /Users/delacruzfamily/repos/CI4_login_sample/system/Validation/Validation.php on line 314
in SYSTEMPATH/Validation/Rules.php on line 126.
 1 SYSTEMPATH/Validation/Validation.php(314): CodeIgniter\Validation\Rules->is_unique('johndoe@email.com', null)
 2 SYSTEMPATH/Validation/Validation.php(175): CodeIgniter\Validation\Validation->processRules('email', 'email', 'johndoe@email.com', [...], [...])
 3 SYSTEMPATH/Controller.php(140): CodeIgniter\Validation\Validation->run()
 4 APPPATH/Controllers/Auth.php(28): CodeIgniter\Controller->validate([...])
 5 SYSTEMPATH/CodeIgniter.php(907): App\Controllers\Auth->index()
 6 SYSTEMPATH/CodeIgniter.php(457): CodeIgniter\CodeIgniter->runController(Object(App\Controllers\Auth))
 7 SYSTEMPATH/CodeIgniter.php(340): CodeIgniter\CodeIgniter->handleRequest(null, Object(Config\Cache), false)
 8 FCPATH/index.php(67): CodeIgniter\CodeIgniter->run()
 9 SYSTEMPATH/Commands/Server/rewrite.php(43): require_once('FCPATH/index.php')
CRITICAL - 2022-09-22 23:55:49 --> Invalid file: auth.php
in SYSTEMPATH/Exceptions/FrameworkException.php on line 33.
 1 SYSTEMPATH/View/View.php(201): CodeIgniter\Exceptions\FrameworkException::forInvalidFile('auth.php')
 2 SYSTEMPATH/Common.php(1142): CodeIgniter\View\View->render('auth', [], true)
 3 APPPATH/Controllers/Auth.php(15): view('auth', [])
 4 SYSTEMPATH/CodeIgniter.php(907): App\Controllers\Auth->index()
 5 SYSTEMPATH/CodeIgniter.php(457): CodeIgniter\CodeIgniter->runController(Object(App\Controllers\Auth))
 6 SYSTEMPATH/CodeIgniter.php(340): CodeIgniter\CodeIgniter->handleRequest(null, Object(Config\Cache), false)
 7 FCPATH/index.php(67): CodeIgniter\CodeIgniter->run()
 8 SYSTEMPATH/Commands/Server/rewrite.php(43): require_once('FCPATH/index.php')
CRITICAL - 2022-09-22 23:56:25 --> Invalid file: auth.php
in SYSTEMPATH/Exceptions/FrameworkException.php on line 33.
 1 SYSTEMPATH/View/View.php(201): CodeIgniter\Exceptions\FrameworkException::forInvalidFile('auth.php')
 2 SYSTEMPATH/Common.php(1142): CodeIgniter\View\View->render('auth', [], true)
 3 APPPATH/Controllers/Auth.php(15): view('auth', [])
 4 SYSTEMPATH/CodeIgniter.php(907): App\Controllers\Auth->index()
 5 SYSTEMPATH/CodeIgniter.php(457): CodeIgniter\CodeIgniter->runController(Object(App\Controllers\Auth))
 6 SYSTEMPATH/CodeIgniter.php(340): CodeIgniter\CodeIgniter->handleRequest(null, Object(Config\Cache), false)
 7 FCPATH/index.php(67): CodeIgniter\CodeIgniter->run()
 8 SYSTEMPATH/Commands/Server/rewrite.php(43): require_once('FCPATH/index.php')
CRITICAL - 2022-09-22 23:56:53 --> Undefined variable $validation
in APPPATH/Views/auth/login.php on line 68.
 1 APPPATH/Views/auth/login.php(68): CodeIgniter\Debug\Exceptions->errorHandler(2, 'Undefined variable $validation', 'APPPATH/Views/auth/login.php', 68)
 2 SYSTEMPATH/View/View.php(213): include('APPPATH/Views/auth/login.php')
 3 SYSTEMPATH/View/View.php(216): CodeIgniter\View\View->CodeIgniter\View\{closure}()
 4 SYSTEMPATH/Common.php(1142): CodeIgniter\View\View->render('auth/login', [], true)
 5 APPPATH/Controllers/Auth.php(15): view('auth/login', [])
 6 SYSTEMPATH/CodeIgniter.php(907): App\Controllers\Auth->index()
 7 SYSTEMPATH/CodeIgniter.php(457): CodeIgniter\CodeIgniter->runController(Object(App\Controllers\Auth))
 8 SYSTEMPATH/CodeIgniter.php(340): CodeIgniter\CodeIgniter->handleRequest(null, Object(Config\Cache), false)
 9 FCPATH/index.php(67): CodeIgniter\CodeIgniter->run()
10 SYSTEMPATH/Commands/Server/rewrite.php(43): require_once('FCPATH/index.php')
CRITICAL - 2022-09-22 23:58:31 --> The route for "auth/login" cannot be found.
in SYSTEMPATH/HTTP/RedirectResponse.php on line 60.
 1 SYSTEMPATH/HTTP/RedirectResponse.php(60): CodeIgniter\HTTP\Exceptions\HTTPException::forInvalidRedirectRoute('auth/login')
 2 SYSTEMPATH/Common.php(869): CodeIgniter\HTTP\RedirectResponse->route(false)
 3 APPPATH/Controllers/Auth.php(36): redirect('auth/login', [...])
 4 SYSTEMPATH/CodeIgniter.php(907): App\Controllers\Auth->signup()
 5 SYSTEMPATH/CodeIgniter.php(457): CodeIgniter\CodeIgniter->runController(Object(App\Controllers\Auth))
 6 SYSTEMPATH/CodeIgniter.php(340): CodeIgniter\CodeIgniter->handleRequest(null, Object(Config\Cache), false)
 7 FCPATH/index.php(67): CodeIgniter\CodeIgniter->run()
 8 SYSTEMPATH/Commands/Server/rewrite.php(43): require_once('FCPATH/index.php')
CRITICAL - 2022-09-22 23:59:37 --> Invalid file: auth.php
in SYSTEMPATH/Exceptions/FrameworkException.php on line 33.
 1 SYSTEMPATH/View/View.php(201): CodeIgniter\Exceptions\FrameworkException::forInvalidFile('auth.php')
 2 SYSTEMPATH/Common.php(1142): CodeIgniter\View\View->render('auth', [], true)
 3 APPPATH/Controllers/Auth.php(36): view('auth', [...])
 4 SYSTEMPATH/CodeIgniter.php(907): App\Controllers\Auth->signup()
 5 SYSTEMPATH/CodeIgniter.php(457): CodeIgniter\CodeIgniter->runController(Object(App\Controllers\Auth))
 6 SYSTEMPATH/CodeIgniter.php(340): CodeIgniter\CodeIgniter->handleRequest(null, Object(Config\Cache), false)
 7 FCPATH/index.php(67): CodeIgniter\CodeIgniter->run()
 8 SYSTEMPATH/Commands/Server/rewrite.php(43): require_once('FCPATH/index.php')
